1658891419083	geckodriver	INFO	Listening on 127.0.0.1:57602
1658891422140	mozrunner::runner	INFO	Running command: "C:\\Program Files\\Mozilla Firefox\\firefox.exe" "--marionette" "--remote-debugging-port" "57603" "--remote-allow-hosts" "localhost" "-no-remote" "-profile" "C:\\Users\\chris\\AppData\\Local\\Temp\\rust_mozprofileoe5bQN"
1658891422465	Marionette	INFO	Marionette enabled
1658891422469	Marionette	INFO	Listening on port 57613
WebDriver BiDi listening on ws://localhost:57603
Read port: 57613
1658891422642	RemoteAgent	WARN	TLS certificate errors will be ignored for this session
console.warn: SearchSettings: "get: No settings file exists, new profile?" (new NotFoundError("Could not open the file at C:\\Users\\chris\\AppData\\Local\\Temp\\rust_mozprofileoe5bQN\\search.json.mozlz4", (void 0)))
DevTools listening on ws://localhost:57603/devtools/browser/2743068b-951e-4330-96ea-c2bc3d03c431
1658891439048	Marionette	INFO	Stopped listening on port 57613
console.warn: TopSitesFeed: Failed to fetch data from Contile server: NetworkError when attempting to fetch resource.
1658891445462	geckodriver	INFO	Listening on 127.0.0.1:57696
1658891448531	mozrunner::runner	INFO	Running command: "C:\\Program Files\\Mozilla Firefox\\firefox.exe" "--marionette" "--remote-debugging-port" "57697" "--remote-allow-hosts" "localhost" "-no-remote" "-profile" "C:\\Users\\chris\\AppData\\Local\\Temp\\rust_mozprofilegzCL6O"
1658891448777	Marionette	INFO	Marionette enabled
1658891448781	Marionette	INFO	Listening on port 57706
WebDriver BiDi listening on ws://localhost:57697
Read port: 57706
1658891448973	RemoteAgent	WARN	TLS certificate errors will be ignored for this session
console.warn: SearchSettings: "get: No settings file exists, new profile?" (new NotFoundError("Could not open the file at C:\\Users\\chris\\AppData\\Local\\Temp\\rust_mozprofilegzCL6O\\search.json.mozlz4", (void 0)))
DevTools listening on ws://localhost:57697/devtools/browser/0d319bc7-a70b-4159-aa07-a55b2063914a
JavaScript error: resource://gre/modules/Prompter.jsm, line 1057: AbortError: Actor 'Prompt' destroyed before query 'Prompt:Open' was resolved
1658891479247	Marionette	INFO	Stopped listening on port 57706
1658891497504	geckodriver	INFO	Listening on 127.0.0.1:57775
1658891500552	mozrunner::runner	INFO	Running command: "C:\\Program Files\\Mozilla Firefox\\firefox.exe" "--marionette" "--remote-debugging-port" "57776" "--remote-allow-hosts" "localhost" "-no-remote" "-profile" "C:\\Users\\chris\\AppData\\Local\\Temp\\rust_mozprofileGJMNgz"
1658891500793	Marionette	INFO	Marionette enabled
1658891500797	Marionette	INFO	Listening on port 57787
WebDriver BiDi listening on ws://localhost:57776
Read port: 57787
1658891500989	RemoteAgent	WARN	TLS certificate errors will be ignored for this session
console.warn: SearchSettings: "get: No settings file exists, new profile?" (new NotFoundError("Could not open the file at C:\\Users\\chris\\AppData\\Local\\Temp\\rust_mozprofileGJMNgz\\search.json.mozlz4", (void 0)))
DevTools listening on ws://localhost:57776/devtools/browser/f25cea55-3fc8-4c14-b241-797b997c18e0
1658891507749	Marionette	INFO	Stopped listening on port 57787
console.warn: TopSitesFeed: Failed to fetch data from Contile server: NetworkError when attempting to fetch resource.
1659074699991	geckodriver	INFO	Listening on 127.0.0.1:57251
1659074703075	mozrunner::runner	INFO	Running command: "C:\\Program Files\\Mozilla Firefox\\firefox.exe" "--marionette" "--remote-debugging-port" "57252" "--remote-allow-hosts" "localhost" "-no-remote" "-profile" "C:\\Users\\chris\\AppData\\Local\\Temp\\rust_mozprofilexkaZPk"
1659074703404	Marionette	INFO	Marionette enabled
1659074703409	Marionette	INFO	Listening on port 57263
WebDriver BiDi listening on ws://localhost:57252
Read port: 57263
1659074703499	RemoteAgent	WARN	TLS certificate errors will be ignored for this session
console.warn: SearchSettings: "get: No settings file exists, new profile?" (new NotFoundError("Could not open the file at C:\\Users\\chris\\AppData\\Local\\Temp\\rust_mozprofilexkaZPk\\search.json.mozlz4", (void 0)))
DevTools listening on ws://localhost:57252/devtools/browser/d781f72c-8e45-4432-aa57-4f9ccc4325c4
JavaScript error: , line 0: TypeError: NetworkError when attempting to fetch resource.
JavaScript error: , line 0: TypeError: NetworkError when attempting to fetch resource.
JavaScript error: resource://gre/modules/Prompter.jsm, line 1057: AbortError: Actor 'Prompt' destroyed before query 'Prompt:Open' was resolved
JavaScript error: resource://gre/modules/Prompter.jsm, line 1057: AbortError: Actor 'Prompt' destroyed before query 'Prompt:Open' was resolved
1659074722971	Marionette	INFO	Stopped listening on port 57263
console.warn: TopSitesFeed: Failed to fetch data from Contile server: NetworkError when attempting to fetch resource.
1659074786930	geckodriver	INFO	Listening on 127.0.0.1:57422
1659074789961	mozrunner::runner	INFO	Running command: "C:\\Program Files\\Mozilla Firefox\\firefox.exe" "--marionette" "--remote-debugging-port" "57423" "--remote-allow-hosts" "localhost" "-no-remote" "-profile" "C:\\Users\\chris\\AppData\\Local\\Temp\\rust_mozprofilevbMUpc"
1659074790262	Marionette	INFO	Marionette enabled
1659074790267	Marionette	INFO	Listening on port 57434
WebDriver BiDi listening on ws://localhost:57423
Read port: 57434
1659074790355	RemoteAgent	WARN	TLS certificate errors will be ignored for this session
console.warn: SearchSettings: "get: No settings file exists, new profile?" (new NotFoundError("Could not open the file at C:\\Users\\chris\\AppData\\Local\\Temp\\rust_mozprofilevbMUpc\\search.json.mozlz4", (void 0)))
DevTools listening on ws://localhost:57423/devtools/browser/3846f92f-37b1-499c-86c5-c268bc7d5397
JavaScript error: resource://gre/modules/Prompter.jsm, line 1057: AbortError: Actor 'Prompt' destroyed before query 'Prompt:Open' was resolved
1659074795417	Marionette	INFO	Stopped listening on port 57434
console.warn: TopSitesFeed: Failed to fetch data from Contile server: NetworkError when attempting to fetch resource.
[Parent 20604, IPC I/O Parent] WARNING: file /builds/worker/checkouts/gecko/ipc/chromium/src/base/process_util_win.cc:167
